
> mis-fotos@0.1.0 lint
> eslint


C:\Users\julia\Downloads\Proyectos\mis-fotos\src\app\gallery\page.tsx
  18:21  error  Error: Calling setState synchronously within an effect can trigger cascading renders

Effects are intended to synchronize state between React and external systems such as manually updating the DOM, state management libraries, or other platform APIs. In general, the body of an effect should do one or both of the following:
* Update external systems with the latest state from React.
* Subscribe for updates from some external system, calling setState in a callback function when external state changes.

Calling setState synchronously within an effect body causes cascading renders that can hurt performance, and is not recommended. (https://react.dev/learn/you-might-not-need-an-effect).

C:\Users\julia\Downloads\Proyectos\mis-fotos\src\app\gallery\page.tsx:18:21
  16 |                 const parsed = JSON.parse(saved);
  17 |                 if (Array.isArray(parsed)) {
> 18 |                     setPhotos(parsed);
     |                     ^^^^^^^^^ Avoid calling setState() directly within an effect
  19 |                 }
  20 |             } catch (e) {
  21 |                 console.error("Failed to load gallery", e);  react-hooks/set-state-in-effect

C:\Users\julia\Downloads\Proyectos\mis-fotos\src\app\page.tsx
  23:11  error  Error: Calling setState synchronously within an effect can trigger cascading renders

Effects are intended to synchronize state between React and external systems such as manually updating the DOM, state management libraries, or other platform APIs. In general, the body of an effect should do one or both of the following:
* Update external systems with the latest state from React.
* Subscribe for updates from some external system, calling setState in a callback function when external state changes.

Calling setState synchronously within an effect body causes cascading renders that can hurt performance, and is not recommended. (https://react.dev/learn/you-might-not-need-an-effect).

C:\Users\julia\Downloads\Proyectos\mis-fotos\src\app\page.tsx:23:11
  21 |         if (Array.isArray(parsed) && parsed.length > 0) {
  22 |           console.log("Dashboard: Loaded", parsed.length, "photos from storage");
> 23 |           setPhotos(parsed);
     |           ^^^^^^^^^ Avoid calling setState() directly within an effect
  24 |         }
  25 |       } catch (e) {
  26 |         console.error("Failed to load gallery from storage", e);  react-hooks/set-state-in-effect
  59:43  error  Unexpected any. Specify a different type                                                                                                                                                                                                                                                                                                                                                                                                                                                                                                                                                                                                                                                                                                                                                                                                                                                                                                                                                                                                                                                                                                                                                @typescript-eslint/no-explicit-any

C:\Users\julia\Downloads\Proyectos\mis-fotos\src\components\console\AuditConsole.tsx
  21:9  error  Error: Calling setState synchronously within an effect can trigger cascading renders

Effects are intended to synchronize state between React and external systems such as manually updating the DOM, state management libraries, or other platform APIs. In general, the body of an effect should do one or both of the following:
* Update external systems with the latest state from React.
* Subscribe for updates from some external system, calling setState in a callback function when external state changes.

Calling setState synchronously within an effect body causes cascading renders that can hurt performance, and is not recommended. (https://react.dev/learn/you-might-not-need-an-effect).

C:\Users\julia\Downloads\Proyectos\mis-fotos\src\components\console\AuditConsole.tsx:21:9
  19 |
  20 |     useEffect(() => {
> 21 |         setMounted(true);
     |         ^^^^^^^^^^ Avoid calling setState() directly within an effect
  22 |     }, []);
  23 |
  24 |     // Simulation of logs  react-hooks/set-state-in-effect

C:\Users\julia\Downloads\Proyectos\mis-fotos\src\components\gallery\GalleryManager.tsx
  213:26  warning  'e' is defined but never used                                                                                                                                  @typescript-eslint/no-unused-vars
  218:21  error    Include a description after the "@ts-expect-error" directive to explain why the @ts-expect-error is necessary. The description must be 3 characters or longer  @typescript-eslint/ban-ts-comment
  242:57  error    Unexpected any. Specify a different type                                                                                                                       @typescript-eslint/no-explicit-any
  264:18  warning  'err' is defined but never used                                                                                                                                @typescript-eslint/no-unused-vars
  359:90  error    Unexpected any. Specify a different type                                                                                                                       @typescript-eslint/no-explicit-any

C:\Users\julia\Downloads\Proyectos\mis-fotos\src\components\gallery\GalleryViewer.tsx
  37:8  warning  React Hook useEffect has missing dependencies: 'handleNext' and 'handlePrev'. Either include them or remove the dependency array  react-hooks/exhaustive-deps

C:\Users\julia\Downloads\Proyectos\mis-fotos\src\components\layout\ThemeToggle.tsx
  18:9  warning  Unused eslint-disable directive (no problems were reported from 'react-hooks/exhaustive-deps')

C:\Users\julia\Downloads\Proyectos\mis-fotos\src\components\settings\ConnectionStatusWidget.tsx
  25:18  warning  'error' is defined but never used  @typescript-eslint/no-unused-vars

C:\Users\julia\Downloads\Proyectos\mis-fotos\src\lib\client-ai-service.ts
  21:22  warning  '_e' is defined but never used  @typescript-eslint/no-unused-vars

 13 problems (7 errors, 6 warnings)
  0 errors and 1 warning potentially fixable with the `--fix` option.

